{
  "stats": {
    "suites": 0,
    "tests": 11,
    "passes": 11,
    "pending": 0,
    "failures": 0,
    "start": "2026-01-03T03:38:15.105Z",
    "end": "2026-01-03T03:38:20.119Z",
    "duration": 5014,
    "testsRegistered": 11,
    "passPercent": 100,
    "pendingPercent": 0,
    "other": 0,
    "hasOther": false,
    "skipped": 0,
    "hasSkipped": false
  },
  "results": [
    {
      "uuid": "709fd4e7-a426-4c98-8b90-9730a382ca37",
      "title": "",
      "fullFile": "",
      "file": "C:\\Users\\Admin\\OneDrive\\Desktop\\Test\\Tests\\test_pets.js",
      "beforeHooks": [],
      "afterHooks": [],
      "tests": [
        {
          "title": "Test Add Pet API",
          "fullTitle": "Test Add Pet API",
          "timedOut": false,
          "duration": 1387,
          "state": "passed",
          "speed": "slow",
          "pass": true,
          "fail": false,
          "pending": false,
          "context": null,
          "code": "const response = await addPet(\"3\", \"2\", \"Dog\", \"Doggie\", \"C:/image.png\", \"3\", \"Animal\");\nassert.equal(response.status, \"200\", \"Add Pet failed\")",
          "err": {},
          "uuid": "1d15ec51-4d15-4aa5-8fd2-e5ed8cf568a9",
          "parentUUID": "709fd4e7-a426-4c98-8b90-9730a382ca37",
          "isHook": false,
          "skipped": false
        },
        {
          "title": "Test find Pet by petId API got success",
          "fullTitle": "Test find Pet by petId API got success",
          "timedOut": false,
          "duration": 239,
          "state": "passed",
          "speed": "slow",
          "pass": true,
          "fail": false,
          "pending": false,
          "context": null,
          "code": "const response = await findPet(\"5\");\nassert.equal(response.status, \"200\", \"Find Pet failed\")",
          "err": {},
          "uuid": "be3d080a-b0ad-433e-9373-bf51c97b0d60",
          "parentUUID": "709fd4e7-a426-4c98-8b90-9730a382ca37",
          "isHook": false,
          "skipped": false
        },
        {
          "title": "Test find pet by petId API got fail",
          "fullTitle": "Test find pet by petId API got fail",
          "timedOut": false,
          "duration": 246,
          "state": "passed",
          "speed": "slow",
          "pass": true,
          "fail": false,
          "pending": false,
          "context": null,
          "code": "const response = await findPet(\"1\");\nconst mess = await response.json();\nassert.equal(response.status, \"404\", \"Expected failure but got success!\")\nassert.equal(mess[\"message\"], \"Pet not found\")",
          "err": {},
          "uuid": "390c00b5-a950-4eea-8c2c-3b8aadbc889d",
          "parentUUID": "709fd4e7-a426-4c98-8b90-9730a382ca37",
          "isHook": false,
          "skipped": false
        },
        {
          "title": "test login function",
          "fullTitle": "test login function",
          "timedOut": false,
          "duration": 237,
          "state": "passed",
          "speed": "slow",
          "pass": true,
          "fail": false,
          "pending": false,
          "context": null,
          "code": "const response = await login(\"user1\", \"123\");\nassert.equal(response.status, 200, \"Login Failed\")",
          "err": {},
          "uuid": "66d9a14d-9129-4d33-a910-2885a891dc75",
          "parentUUID": "709fd4e7-a426-4c98-8b90-9730a382ca37",
          "isHook": false,
          "skipped": false
        },
        {
          "title": "Test logout API",
          "fullTitle": "Test logout API",
          "timedOut": false,
          "duration": 240,
          "state": "passed",
          "speed": "slow",
          "pass": true,
          "fail": false,
          "pending": false,
          "context": null,
          "code": "const response = await logout();\nassert.equal(response.status, 200, \"Logout failed\")",
          "err": {},
          "uuid": "6bb2db72-b3eb-48e7-806b-4317c59abf6f",
          "parentUUID": "709fd4e7-a426-4c98-8b90-9730a382ca37",
          "isHook": false,
          "skipped": false
        },
        {
          "title": "Test Create User API",
          "fullTitle": "Test Create User API",
          "timedOut": false,
          "duration": 241,
          "state": "passed",
          "speed": "slow",
          "pass": true,
          "fail": false,
          "pending": false,
          "context": null,
          "code": "const response = await createUser(\"2\", \"User1\", \"fName\", \"lName\", \"user@gmail.com\", \"123\", \"0123456\");\nassert.equal(response.status, 200, \"Create user failed\")",
          "err": {},
          "uuid": "da418d53-9246-4472-bf6e-c29dd755bccb",
          "parentUUID": "709fd4e7-a426-4c98-8b90-9730a382ca37",
          "isHook": false,
          "skipped": false
        },
        {
          "title": "Testing Get User by username API got Success",
          "fullTitle": "Testing Get User by username API got Success",
          "timedOut": false,
          "duration": 242,
          "state": "passed",
          "speed": "slow",
          "pass": true,
          "fail": false,
          "pending": false,
          "context": null,
          "code": "const response = await getUser(\"John\");\nconst message = await response.json();\nassert.equal(response.status, 200, \"Get user failed\")\nassert.equal(message[\"username\"], \"John\");\nassert.equal(message[\"email\"], \"JohnDemo@gmail.com\")",
          "err": {},
          "uuid": "93f27c58-9329-4526-84cb-a4261bc4dff3",
          "parentUUID": "709fd4e7-a426-4c98-8b90-9730a382ca37",
          "isHook": false,
          "skipped": false
        },
        {
          "title": "Testing get User by username API got failed",
          "fullTitle": "Testing get User by username API got failed",
          "timedOut": false,
          "duration": 238,
          "state": "passed",
          "speed": "slow",
          "pass": true,
          "fail": false,
          "pending": false,
          "context": null,
          "code": "const response = await getUser(\"Alice\");\nconst message = await response.json();\nassert.equal(response.status, 404, \"Expected failure but got success!\")\nassert.equal(message[\"message\"], \"User not found\")",
          "err": {},
          "uuid": "59e76123-e9c6-4b9a-9bed-8846a86a2bc6",
          "parentUUID": "709fd4e7-a426-4c98-8b90-9730a382ca37",
          "isHook": false,
          "skipped": false
        },
        {
          "title": "Test Update User API",
          "fullTitle": "Test Update User API",
          "timedOut": false,
          "duration": 243,
          "state": "passed",
          "speed": "slow",
          "pass": true,
          "fail": false,
          "pending": false,
          "context": null,
          "code": "const response = await updateUser(\"user1\", \"newUser\");\nassert.equal(response.status, 200, \"Update user failed\")",
          "err": {},
          "uuid": "718251c4-c6f1-4b34-9972-5e669e8d3323",
          "parentUUID": "709fd4e7-a426-4c98-8b90-9730a382ca37",
          "isHook": false,
          "skipped": false
        },
        {
          "title": "Test Delete User API got Success",
          "fullTitle": "Test Delete User API got Success",
          "timedOut": false,
          "duration": 1416,
          "state": "passed",
          "speed": "slow",
          "pass": true,
          "fail": false,
          "pending": false,
          "context": null,
          "code": "const user = await createUser(\"2\", \"User1\", \"fName\", \"lName\", \"user@gmail.com\", \"123\", \"0123456\");\nconst response = await deleteUser(\"User1\");\nassert.equal(response.status, 200, \"Delete user failed\")",
          "err": {},
          "uuid": "8d93ee89-a0e5-422b-bdae-d1ed95d41c27",
          "parentUUID": "709fd4e7-a426-4c98-8b90-9730a382ca37",
          "isHook": false,
          "skipped": false
        },
        {
          "title": "Test Delete User API got failed",
          "fullTitle": "Test Delete User API got failed",
          "timedOut": false,
          "duration": 237,
          "state": "passed",
          "speed": "slow",
          "pass": true,
          "fail": false,
          "pending": false,
          "context": null,
          "code": "const response = await deleteUser(\"user1\");\nassert.equal(response.status, 404, \"Expected failure but got success!\")",
          "err": {},
          "uuid": "43619787-a694-4e8e-9b17-5afdf8f60167",
          "parentUUID": "709fd4e7-a426-4c98-8b90-9730a382ca37",
          "isHook": false,
          "skipped": false
        }
      ],
      "suites": [],
      "passes": [
        "1d15ec51-4d15-4aa5-8fd2-e5ed8cf568a9",
        "be3d080a-b0ad-433e-9373-bf51c97b0d60",
        "390c00b5-a950-4eea-8c2c-3b8aadbc889d",
        "66d9a14d-9129-4d33-a910-2885a891dc75",
        "6bb2db72-b3eb-48e7-806b-4317c59abf6f",
        "da418d53-9246-4472-bf6e-c29dd755bccb",
        "93f27c58-9329-4526-84cb-a4261bc4dff3",
        "59e76123-e9c6-4b9a-9bed-8846a86a2bc6",
        "718251c4-c6f1-4b34-9972-5e669e8d3323",
        "8d93ee89-a0e5-422b-bdae-d1ed95d41c27",
        "43619787-a694-4e8e-9b17-5afdf8f60167"
      ],
      "failures": [],
      "pending": [],
      "skipped": [],
      "duration": 4966,
      "root": true,
      "rootEmpty": false,
      "_timeout": 2000
    }
  ],
  "meta": {
    "mocha": {
      "version": "11.7.5"
    },
    "mochawesome": {
      "options": {
        "quiet": false,
        "reportFilename": "mochawesome",
        "saveHtml": true,
        "saveJson": true,
        "consoleReporter": "spec",
        "useInlineDiffs": false,
        "code": true
      },
      "version": "7.1.4"
    },
    "marge": {
      "options": null,
      "version": "6.3.2"
    }
  }
}