{
  "stats": {
    "suites": 0,
    "tests": 11,
    "passes": 11,
    "pending": 0,
    "failures": 0,
    "start": "2026-01-03T04:00:06.457Z",
    "end": "2026-01-03T04:00:11.490Z",
    "duration": 5033,
    "testsRegistered": 11,
    "passPercent": 100,
    "pendingPercent": 0,
    "other": 0,
    "hasOther": false,
    "skipped": 0,
    "hasSkipped": false
  },
  "results": [
    {
      "uuid": "882e2cca-dfe6-46c8-88c8-68301c318710",
      "title": "",
      "fullFile": "",
      "file": "C:\\Users\\Admin\\OneDrive\\Desktop\\Test\\Tests\\test_pets.js",
      "beforeHooks": [],
      "afterHooks": [],
      "tests": [
        {
          "title": "Test Add Pet API",
          "fullTitle": "Test Add Pet API",
          "timedOut": false,
          "duration": 1478,
          "state": "passed",
          "speed": "slow",
          "pass": true,
          "fail": false,
          "pending": false,
          "context": null,
          "code": "const response = await addPet(\"3\", \"2\", \"Dog\", \"Doggie\", \"C:/image.png\", \"3\", \"Animal\");\nassert.equal(response.status, \"200\", \"Add Pet failed\")",
          "err": {},
          "uuid": "edfb2702-ad31-4276-a70b-ddb8ba870515",
          "parentUUID": "882e2cca-dfe6-46c8-88c8-68301c318710",
          "isHook": false,
          "skipped": false
        },
        {
          "title": "Test find Pet by petId API got success",
          "fullTitle": "Test find Pet by petId API got success",
          "timedOut": false,
          "duration": 236,
          "state": "passed",
          "speed": "slow",
          "pass": true,
          "fail": false,
          "pending": false,
          "context": null,
          "code": "const response = await findPet(\"5\");\nassert.equal(response.status, \"200\", \"Find Pet failed\")",
          "err": {},
          "uuid": "9f08acda-f8a6-45bb-ae35-320ca01767dd",
          "parentUUID": "882e2cca-dfe6-46c8-88c8-68301c318710",
          "isHook": false,
          "skipped": false
        },
        {
          "title": "Test find pet by petId API got fail",
          "fullTitle": "Test find pet by petId API got fail",
          "timedOut": false,
          "duration": 238,
          "state": "passed",
          "speed": "slow",
          "pass": true,
          "fail": false,
          "pending": false,
          "context": null,
          "code": "const response = await findPet(\"1\");\nconst mess = await response.json();\nassert.equal(response.status, \"404\", \"Expected failure but got success!\")\nassert.equal(mess[\"message\"], \"Pet not found\")",
          "err": {},
          "uuid": "6994768a-7ab8-4a6d-aa45-b7969bf13ca0",
          "parentUUID": "882e2cca-dfe6-46c8-88c8-68301c318710",
          "isHook": false,
          "skipped": false
        },
        {
          "title": "test login function",
          "fullTitle": "test login function",
          "timedOut": false,
          "duration": 232,
          "state": "passed",
          "speed": "slow",
          "pass": true,
          "fail": false,
          "pending": false,
          "context": null,
          "code": "const response = await login(\"user1\", \"123\");\nassert.equal(response.status, 200, \"Login Failed\")",
          "err": {},
          "uuid": "afdb09bb-380a-4d95-988d-6d1f327dd0e9",
          "parentUUID": "882e2cca-dfe6-46c8-88c8-68301c318710",
          "isHook": false,
          "skipped": false
        },
        {
          "title": "Test logout API",
          "fullTitle": "Test logout API",
          "timedOut": false,
          "duration": 232,
          "state": "passed",
          "speed": "slow",
          "pass": true,
          "fail": false,
          "pending": false,
          "context": null,
          "code": "const response = await logout();\nassert.equal(response.status, 200, \"Logout failed\")",
          "err": {},
          "uuid": "72bd3ef1-f56c-4958-a8e7-49e08f2ae705",
          "parentUUID": "882e2cca-dfe6-46c8-88c8-68301c318710",
          "isHook": false,
          "skipped": false
        },
        {
          "title": "Test Create User API",
          "fullTitle": "Test Create User API",
          "timedOut": false,
          "duration": 233,
          "state": "passed",
          "speed": "slow",
          "pass": true,
          "fail": false,
          "pending": false,
          "context": null,
          "code": "const response = await createUser(\"2\", \"User1\", \"fName\", \"lName\", \"user@gmail.com\", \"123\", \"0123456\");\nassert.equal(response.status, 200, \"Create user failed\")",
          "err": {},
          "uuid": "3faef174-164d-45de-9452-5d635bd57f40",
          "parentUUID": "882e2cca-dfe6-46c8-88c8-68301c318710",
          "isHook": false,
          "skipped": false
        },
        {
          "title": "Testing Get User by username API got Success",
          "fullTitle": "Testing Get User by username API got Success",
          "timedOut": false,
          "duration": 233,
          "state": "passed",
          "speed": "slow",
          "pass": true,
          "fail": false,
          "pending": false,
          "context": null,
          "code": "const response = await getUser(\"John\");\nconst message = await response.json();\nassert.equal(response.status, 200, \"Get user failed\")\nassert.equal(message[\"username\"], \"John\");\nassert.equal(message[\"email\"], \"JohnDemo@gmail.com\")",
          "err": {},
          "uuid": "f2cf5da7-3ae7-482c-b14c-ca4278134ab9",
          "parentUUID": "882e2cca-dfe6-46c8-88c8-68301c318710",
          "isHook": false,
          "skipped": false
        },
        {
          "title": "Testing get User by username API got failed",
          "fullTitle": "Testing get User by username API got failed",
          "timedOut": false,
          "duration": 232,
          "state": "passed",
          "speed": "slow",
          "pass": true,
          "fail": false,
          "pending": false,
          "context": null,
          "code": "const response = await getUser(\"Alice\");\nconst message = await response.json();\nassert.equal(response.status, 404, \"Expected failure but got success!\")\nassert.equal(message[\"message\"], \"User not found\")",
          "err": {},
          "uuid": "e9ffdcec-7432-46f3-8448-b9ced23bd196",
          "parentUUID": "882e2cca-dfe6-46c8-88c8-68301c318710",
          "isHook": false,
          "skipped": false
        },
        {
          "title": "Test Update User API",
          "fullTitle": "Test Update User API",
          "timedOut": false,
          "duration": 235,
          "state": "passed",
          "speed": "slow",
          "pass": true,
          "fail": false,
          "pending": false,
          "context": null,
          "code": "const response = await updateUser(\"user1\", \"newUser\");\nassert.equal(response.status, 200, \"Update user failed\")",
          "err": {},
          "uuid": "59e3e0a6-be97-4a1c-917e-bb1c0a51c88e",
          "parentUUID": "882e2cca-dfe6-46c8-88c8-68301c318710",
          "isHook": false,
          "skipped": false
        },
        {
          "title": "Test Delete User API got Success",
          "fullTitle": "Test Delete User API got Success",
          "timedOut": false,
          "duration": 1411,
          "state": "passed",
          "speed": "slow",
          "pass": true,
          "fail": false,
          "pending": false,
          "context": null,
          "code": "const user = await createUser(\"2\", \"User1\", \"fName\", \"lName\", \"user@gmail.com\", \"123\", \"0123456\");\nconst response = await deleteUser(\"User1\");\nassert.equal(response.status, 200, \"Delete user failed\")",
          "err": {},
          "uuid": "5d10a642-0a3a-433e-85f2-4b2f44cba62f",
          "parentUUID": "882e2cca-dfe6-46c8-88c8-68301c318710",
          "isHook": false,
          "skipped": false
        },
        {
          "title": "Test Delete User API got failed",
          "fullTitle": "Test Delete User API got failed",
          "timedOut": false,
          "duration": 233,
          "state": "passed",
          "speed": "slow",
          "pass": true,
          "fail": false,
          "pending": false,
          "context": null,
          "code": "const response = await deleteUser(\"user1\");\nassert.equal(response.status, 404, \"Expected failure but got success!\")",
          "err": {},
          "uuid": "7f977774-5fff-451b-8a3a-b9b8213d2764",
          "parentUUID": "882e2cca-dfe6-46c8-88c8-68301c318710",
          "isHook": false,
          "skipped": false
        }
      ],
      "suites": [],
      "passes": [
        "edfb2702-ad31-4276-a70b-ddb8ba870515",
        "9f08acda-f8a6-45bb-ae35-320ca01767dd",
        "6994768a-7ab8-4a6d-aa45-b7969bf13ca0",
        "afdb09bb-380a-4d95-988d-6d1f327dd0e9",
        "72bd3ef1-f56c-4958-a8e7-49e08f2ae705",
        "3faef174-164d-45de-9452-5d635bd57f40",
        "f2cf5da7-3ae7-482c-b14c-ca4278134ab9",
        "e9ffdcec-7432-46f3-8448-b9ced23bd196",
        "59e3e0a6-be97-4a1c-917e-bb1c0a51c88e",
        "5d10a642-0a3a-433e-85f2-4b2f44cba62f",
        "7f977774-5fff-451b-8a3a-b9b8213d2764"
      ],
      "failures": [],
      "pending": [],
      "skipped": [],
      "duration": 4993,
      "root": true,
      "rootEmpty": false,
      "_timeout": 2000
    }
  ],
  "meta": {
    "mocha": {
      "version": "11.7.5"
    },
    "mochawesome": {
      "options": {
        "quiet": false,
        "reportFilename": "mochawesome",
        "saveHtml": true,
        "saveJson": true,
        "consoleReporter": "spec",
        "useInlineDiffs": false,
        "code": true
      },
      "version": "7.1.4"
    },
    "marge": {
      "options": null,
      "version": "6.3.2"
    }
  }
}